101.05.02 02:59 B D:\TransCom\com11\com101\images\meg_prod.GIF --> home.dialix.com /usr/home/6/3/u3336/public_html/com101/images meg_prod.GIF
101.05.02 02:59 B D:\TransCom\com11\com101\images\ali_prod.GIF --> home.dialix.com /usr/home/6/3/u3336/public_html/com101/images ali_prod.GIF
101.05.02 02:59 B D:\TransCom\com11\com101\images\lkn_prod.GIF --> home.dialix.com /usr/home/6/3/u3336/public_html/com101/images lkn_prod.GIF
101.05.02 02:59 B D:\TransCom\com11\com101\images\ham_prod.GIF --> home.dialix.com /usr/home/6/3/u3336/public_html/com101/images ham_prod.GIF
101.05.02 02:59 B D:\TransCom\com11\com101\images\ticket.gif --> home.dialix.com /usr/home/6/3/u3336/public_html/com101/images ticket.gif
101.05.02 02:59 B D:\TransCom\com11\com101\images\artistspane9_9_.jpg --> home.dialix.com /usr/home/6/3/u3336/public_html/com101/images artistspane9_9_.jpg
101.05.02 02:59 B D:\TransCom\com11\com101\images\artistspane9_1_.jpg --> home.dialix.com /usr/home/6/3/u3336/public_html/com101/images artistspane9_1_.jpg
101.05.02 02:59 B D:\TransCom\com11\com101\images\artistspane8_7_.jpg --> home.dialix.com /usr/home/6/3/u3336/public_html/com101/images artistspane8_7_.jpg
101.05.02 02:59 B D:\TransCom\com11\com101\images\artistspane8_1_.jpg --> home.dialix.com /usr/home/6/3/u3336/public_html/com101/images artistspane8_1_.jpg
101.05.02 02:59 B D:\TransCom\com11\com101\images\artistspane7_5_.jpg --> home.dialix.com /usr/home/6/3/u3336/public_html/com101/images artistspane7_5_.jpg
101.05.02 02:59 B D:\TransCom\com11\com101\images\artistspane7_1_.jpg --> home.dialix.com /usr/home/6/3/u3336/public_html/com101/images artistspane7_1_.jpg
101.05.02 02:59 B D:\TransCom\com11\com101\images\artistspane6_3_.jpg --> home.dialix.com /usr/home/6/3/u3336/public_html/com101/images artistspane6_3_.jpg
101.05.02 02:59 B D:\TransCom\com11\com101\images\artistspane6_1_.jpg --> home.dialix.com /usr/home/6/3/u3336/public_html/com101/images artistspane6_1_.jpg
101.05.02 02:59 B D:\TransCom\com11\com101\images\artistspane5_1_.jpg --> home.dialix.com /usr/home/6/3/u3336/public_html/com101/images artistspane5_1_.jpg
101.05.02 02:59 B D:\TransCom\com11\com101\images\artistspane4_1_.jpg --> home.dialix.com /usr/home/6/3/u3336/public_html/com101/images artistspane4_1_.jpg
101.05.02 02:59 B D:\TransCom\com11\com101\images\artistspane3_1_.jpg --> home.dialix.com /usr/home/6/3/u3336/public_html/com101/images artistspane3_1_.jpg
101.05.02 02:59 B D:\TransCom\com11\com101\images\artistspane2_1_.jpg --> home.dialix.com /usr/home/6/3/u3336/public_html/com101/images artistspane2_1_.jpg
101.05.02 02:59 B D:\TransCom\com11\com101\images\artistspane1_9_.jpg --> home.dialix.com /usr/home/6/3/u3336/public_html/com101/images artistspane1_9_.jpg
101.05.02 02:59 B D:\TransCom\com11\com101\images\artistspane1_8_.jpg --> home.dialix.com /usr/home/6/3/u3336/public_html/com101/images artistspane1_8_.jpg
101.05.02 02:59 B D:\TransCom\com11\com101\images\artistspane1_7_.jpg --> home.dialix.com /usr/home/6/3/u3336/public_html/com101/images artistspane1_7_.jpg
101.05.02 02:59 B D:\TransCom\com11\com101\images\artistspane1_6_.jpg --> home.dialix.com /usr/home/6/3/u3336/public_html/com101/images artistspane1_6_.jpg
101.05.02 02:59 B D:\TransCom\com11\com101\images\artistspane1_5_.jpg --> home.dialix.com /usr/home/6/3/u3336/public_html/com101/images artistspane1_5_.jpg
101.05.02 02:59 B D:\TransCom\com11\com101\images\artistspane1_4_.jpg --> home.dialix.com /usr/home/6/3/u3336/public_html/com101/images artistspane1_4_.jpg
101.05.02 02:59 B D:\TransCom\com11\com101\images\artistspane1_3_.jpg --> home.dialix.com /usr/home/6/3/u3336/public_html/com101/images artistspane1_3_.jpg
101.05.02 03:00 B D:\TransCom\com11\com101\images\artistspane1_2_.jpg --> home.dialix.com /usr/home/6/3/u3336/public_html/com101/images artistspane1_2_.jpg
101.05.02 03:00 B D:\TransCom\com11\com101\images\artistspane1_1_.jpg --> home.dialix.com /usr/home/6/3/u3336/public_html/com101/images artistspane1_1_.jpg
101.05.02 03:00 B D:\TransCom\com11\com101\images\artistspane1_10_.jpg --> home.dialix.com /usr/home/6/3/u3336/public_html/com101/images artistspane1_10_.jpg
101.05.02 03:00 B D:\TransCom\com11\com101\images\artistsmegaphonikov.jpg --> home.dialix.com /usr/home/6/3/u3336/public_html/com101/images artistsmegaphonikov.jpg
101.05.02 03:00 B D:\TransCom\com11\com101\images\artistsmegaphonikot.jpg --> home.dialix.com /usr/home/6/3/u3336/public_html/com101/images artistsmegaphonikot.jpg
101.05.02 03:00 B D:\TransCom\com11\com101\images\artistsmegaphonikdn.jpg --> home.dialix.com /usr/home/6/3/u3336/public_html/com101/images artistsmegaphonikdn.jpg
101.05.02 03:00 B D:\TransCom\com11\com101\images\artistsmegaphonik.jpg --> home.dialix.com /usr/home/6/3/u3336/public_html/com101/images artistsmegaphonik.jpg
101.05.02 03:00 B D:\TransCom\com11\com101\images\artistslowkey_nudeov.jpg --> home.dialix.com /usr/home/6/3/u3336/public_html/com101/images artistslowkey_nudeov.jpg
101.05.02 03:00 B D:\TransCom\com11\com101\images\artistslowkey_nudeot.jpg --> home.dialix.com /usr/home/6/3/u3336/public_html/com101/images artistslowkey_nudeot.jpg
101.05.02 03:00 B D:\TransCom\com11\com101\images\artistslowkey_nude.jpg --> home.dialix.com /usr/home/6/3/u3336/public_html/com101/images artistslowkey_nude.jpg
101.05.02 03:00 B D:\TransCom\com11\com101\images\artistshammerheadov.jpg --> home.dialix.com /usr/home/6/3/u3336/public_html/com101/images artistshammerheadov.jpg
101.05.02 03:00 B D:\TransCom\com11\com101\images\artistshammerheadot.jpg --> home.dialix.com /usr/home/6/3/u3336/public_html/com101/images artistshammerheadot.jpg
101.05.02 03:00 B D:\TransCom\com11\com101\images\artistshammerhead.jpg --> home.dialix.com /usr/home/6/3/u3336/public_html/com101/images artistshammerhead.jpg
101.05.02 03:00 B D:\TransCom\com11\com101\images\artistsalieonixov.jpg --> home.dialix.com /usr/home/6/3/u3336/public_html/com101/images artistsalieonixov.jpg
101.05.02 03:00 B D:\TransCom\com11\com101\images\artistsalieonixot.jpg --> home.dialix.com /usr/home/6/3/u3336/public_html/com101/images artistsalieonixot.jpg
101.05.02 03:00 B D:\TransCom\com11\com101\images\artistsalieonix.jpg --> home.dialix.com /usr/home/6/3/u3336/public_html/com101/images artistsalieonix.jpg
101.05.02 03:00 B D:\TransCom\com11\com101\images\arcpane1_2_.jpg --> home.dialix.com /usr/home/6/3/u3336/public_html/com101/images arcpane1_2_.jpg
101.05.02 03:00 B D:\TransCom\com11\com101\images\ticket50.gif --> home.dialix.com /usr/home/6/3/u3336/public_html/com101/images ticket50.gif
101.05.02 03:01 B D:\TransCom\com11\com101\images\megaphonik.gif --> home.dialix.com /usr/home/6/3/u3336/public_html/com101/images megaphonik.gif
101.05.02 03:01 B D:\TransCom\com11\com101\images\alieonix.gif --> home.dialix.com /usr/home/6/3/u3336/public_html/com101/images alieonix.gif
101.05.02 03:03 B D:\TransCom\com11\com101\images\hammerhead.gif --> home.dialix.com /usr/home/6/3/u3336/public_html/com101/images hammerhead.gif
101.05.02 03:03 B D:\TransCom\com11\com101\images\pixicon.gif --> home.dialix.com /usr/home/6/3/u3336/public_html/com101/images pixicon.gif
101.05.02 03:03 B D:\TransCom\com11\com101\images\audioicon.gif --> home.dialix.com /usr/home/6/3/u3336/public_html/com101/images audioicon.gif
101.05.02 03:05 B D:\TransCom\com11\com101\images\lowkeynude.gif --> home.dialix.com /usr/home/6/3/u3336/public_html/com101/images lowkeynude.gif
101.05.02 03:05 B D:\TransCom\com11\com101\images\lowkeynudepage.gif --> home.dialix.com /usr/home/6/3/u3336/public_html/com101/images lowkeynudepage.gif
101.05.02 03:05 B D:\TransCom\com11\com101\images\powerhouselogo.gif --> home.dialix.com /usr/home/6/3/u3336/public_html/com101/images powerhouselogo.gif
101.05.02 03:05 B D:\TransCom\com11\com101\images\transcomlogo.gif --> home.dialix.com /usr/home/6/3/u3336/public_html/com101/images transcomlogo.gif
101.05.02 03:05 B D:\TransCom\com11\com101\images\ravelogo.gif --> home.dialix.com /usr/home/6/3/u3336/public_html/com101/images ravelogo.gif
101.05.02 03:05 B D:\TransCom\com11\com101\images\nightlifelogo.gif --> home.dialix.com /usr/home/6/3/u3336/public_html/com101/images nightlifelogo.gif
101.05.02 03:05 B D:\TransCom\com11\com101\images\BAKarcpane1_2_.jpg --> home.dialix.com /usr/home/6/3/u3336/public_html/com101/images BAKarcpane1_2_.jpg
101.05.02 03:06 B D:\TransCom\com11\com101\images\arcticketsov.jpg --> home.dialix.com /usr/home/6/3/u3336/public_html/com101/images arcticketsov.jpg
101.05.02 03:06 B D:\TransCom\com11\com101\images\arcticketsot.jpg --> home.dialix.com /usr/home/6/3/u3336/public_html/com101/images arcticketsot.jpg
101.05.02 03:06 B D:\TransCom\com11\com101\images\arctickets.jpg --> home.dialix.com /usr/home/6/3/u3336/public_html/com101/images arctickets.jpg
101.05.02 03:06 B D:\TransCom\com11\com101\images\arcpane9_9_.jpg --> home.dialix.com /usr/home/6/3/u3336/public_html/com101/images arcpane9_9_.jpg
101.05.02 03:06 B D:\TransCom\com11\com101\images\arcpane9_1_.jpg --> home.dialix.com /usr/home/6/3/u3336/public_html/com101/images arcpane9_1_.jpg
101.05.02 03:06 B D:\TransCom\com11\com101\images\arcpane8_7_.jpg --> home.dialix.com /usr/home/6/3/u3336/public_html/com101/images arcpane8_7_.jpg
101.05.02 03:06 B D:\TransCom\com11\com101\images\arcpane8_1_.jpg --> home.dialix.com /usr/home/6/3/u3336/public_html/com101/images arcpane8_1_.jpg
101.05.02 03:06 B D:\TransCom\com11\com101\images\arcpane7_5_.jpg --> home.dialix.com /usr/home/6/3/u3336/public_html/com101/images arcpane7_5_.jpg
101.05.02 03:06 B D:\TransCom\com11\com101\images\arcpane7_1_.jpg --> home.dialix.com /usr/home/6/3/u3336/public_html/com101/images arcpane7_1_.jpg
101.05.02 03:06 B D:\TransCom\com11\com101\images\arcpane6_3_.jpg --> home.dialix.com /usr/home/6/3/u3336/public_html/com101/images arcpane6_3_.jpg
101.05.02 03:06 B D:\TransCom\com11\com101\images\arcpane6_1_.jpg --> home.dialix.com /usr/home/6/3/u3336/public_html/com101/images arcpane6_1_.jpg
101.05.02 03:06 B D:\TransCom\com11\com101\images\arcpane5_1_.jpg --> home.dialix.com /usr/home/6/3/u3336/public_html/com101/images arcpane5_1_.jpg
101.05.02 03:06 B D:\TransCom\com11\com101\images\arcpane4_1_.jpg --> home.dialix.com /usr/home/6/3/u3336/public_html/com101/images arcpane4_1_.jpg
101.05.02 03:06 B D:\TransCom\com11\com101\images\arcpane3_1_.jpg --> home.dialix.com /usr/home/6/3/u3336/public_html/com101/images arcpane3_1_.jpg
101.05.02 03:06 B D:\TransCom\com11\com101\images\arcpane2_1_.jpg --> home.dialix.com /usr/home/6/3/u3336/public_html/com101/images arcpane2_1_.jpg
101.05.02 03:06 B D:\TransCom\com11\com101\images\arcpane1_9_.jpg --> home.dialix.com /usr/home/6/3/u3336/public_html/com101/images arcpane1_9_.jpg
101.05.02 03:06 B D:\TransCom\com11\com101\images\arcpane1_8_.jpg --> home.dialix.com /usr/home/6/3/u3336/public_html/com101/images arcpane1_8_.jpg
101.05.02 03:06 B D:\TransCom\com11\com101\images\arcpane1_7_.jpg --> home.dialix.com /usr/home/6/3/u3336/public_html/com101/images arcpane1_7_.jpg
101.05.02 03:06 B D:\TransCom\com11\com101\images\arcpane1_6_.jpg --> home.dialix.com /usr/home/6/3/u3336/public_html/com101/images arcpane1_6_.jpg
101.05.02 03:06 B D:\TransCom\com11\com101\images\arcpane1_5_.jpg --> home.dialix.com /usr/home/6/3/u3336/public_html/com101/images arcpane1_5_.jpg
101.05.02 03:07 B D:\TransCom\com11\com101\images\arcpane1_4_.jpg --> home.dialix.com /usr/home/6/3/u3336/public_html/com101/images arcpane1_4_.jpg
101.05.02 03:07 B D:\TransCom\com11\com101\images\arcpane1_3_.jpg --> home.dialix.com /usr/home/6/3/u3336/public_html/com101/images arcpane1_3_.jpg
101.05.02 03:07 B D:\TransCom\com11\com101\images\arcpane1_1_.jpg --> home.dialix.com /usr/home/6/3/u3336/public_html/com101/images arcpane1_1_.jpg
101.05.02 03:07 B D:\TransCom\com11\com101\images\arcpane1_10_.jpg --> home.dialix.com /usr/home/6/3/u3336/public_html/com101/images arcpane1_10_.jpg
101.05.02 03:07 B D:\TransCom\com11\com101\images\arcmediaov.jpg --> home.dialix.com /usr/home/6/3/u3336/public_html/com101/images arcmediaov.jpg
101.05.02 03:07 B D:\TransCom\com11\com101\images\arcmediaot.jpg --> home.dialix.com /usr/home/6/3/u3336/public_html/com101/images arcmediaot.jpg
101.05.02 03:07 B D:\TransCom\com11\com101\images\arcmedia.jpg --> home.dialix.com /usr/home/6/3/u3336/public_html/com101/images arcmedia.jpg
101.05.02 03:07 B D:\TransCom\com11\com101\images\arcdataov.jpg --> home.dialix.com /usr/home/6/3/u3336/public_html/com101/images arcdataov.jpg
101.05.02 03:07 B D:\TransCom\com11\com101\images\arcdataot.jpg --> home.dialix.com /usr/home/6/3/u3336/public_html/com101/images arcdataot.jpg
101.05.02 03:07 B D:\TransCom\com11\com101\images\arcdata.jpg --> home.dialix.com /usr/home/6/3/u3336/public_html/com101/images arcdata.jpg
101.05.02 03:08 B D:\TransCom\com11\com101\images\arcartistsov.jpg --> home.dialix.com /usr/home/6/3/u3336/public_html/com101/images arcartistsov.jpg
101.05.02 03:08 B D:\TransCom\com11\com101\images\arcartistsot.jpg --> home.dialix.com /usr/home/6/3/u3336/public_html/com101/images arcartistsot.jpg
101.05.02 03:08 B D:\TransCom\com11\com101\images\arcartists.jpg --> home.dialix.com /usr/home/6/3/u3336/public_html/com101/images arcartists.jpg
101.05.02 03:08 B D:\TransCom\com11\com101\images\101logo.jpg --> home.dialix.com /usr/home/6/3/u3336/public_html/com101/images 101logo.jpg
